<?xml version="1.0" encoding="UTF-8"?>
<robot generator="Robot 6.1.1 (Python 3.10.10 on win32)" generated="20240117 19:55:17.118" rpa="false" schemaversion="4">
<suite id="s1" name="Final Test" source="C:\Users\quyenhoang\IdeaProjects\SpringbootUITestingForm\src\main\resources\robot_test_file\final_test.robot">
<test id="s1-t1" name="Test login 1" line="10">
<kw name="Open Browser" library="SeleniumLibrary">
<arg>https://www.saucedemo.com/</arg>
<arg>Chrome</arg>
<doc>Opens a new browser instance to the optional ``url``.</doc>
<msg timestamp="20240117 19:55:17.296" level="INFO">Opening browser 'Chrome' to base url 'https://www.saucedemo.com/'.</msg>
<msg timestamp="20240117 19:55:17.550" level="WARN">The chromedriver version (119.0.6045.105) detected in PATH at C:\Users\quyenhoang\Downloads\driver\chromedriver.exe might not be compatible with the detected chrome version (120.0.6099.224); currently, chromedriver 120.0.6099.109 is recommended for chrome 120.*, so it is advised to delete the driver in PATH and retry</msg>
<status status="PASS" starttime="20240117 19:55:17.295" endtime="20240117 19:55:19.056"/>
</kw>
<kw name="Maximize Browser Window" library="SeleniumLibrary">
<doc>Maximizes current browser window.</doc>
<status status="PASS" starttime="20240117 19:55:19.056" endtime="20240117 19:55:19.166"/>
</kw>
<kw name="Input Text" library="SeleniumLibrary">
<arg>${username}</arg>
<arg>4124</arg>
<doc>Types the given ``text`` into the text field identified by ``locator``.</doc>
<msg timestamp="20240117 19:55:19.167" level="INFO">Typing text '4124' into text field 'xpath=//input[@placeholder='Username' and @data-test='username' and @id='user-name' and @name='user-name']'.</msg>
<status status="PASS" starttime="20240117 19:55:19.166" endtime="20240117 19:55:19.242"/>
</kw>
<kw name="Input Text" library="SeleniumLibrary">
<arg>${password}</arg>
<arg>124</arg>
<doc>Types the given ``text`` into the text field identified by ``locator``.</doc>
<msg timestamp="20240117 19:55:19.243" level="INFO">Typing text '124' into text field 'xpath=//input[@placeholder='Password' and @type='password' and @data-test='password' and @id='password' and @name='password']'.</msg>
<status status="PASS" starttime="20240117 19:55:19.243" endtime="20240117 19:55:19.291"/>
</kw>
<kw name="Click Element" library="SeleniumLibrary">
<arg>${login_button}</arg>
<doc>Click the element identified by ``locator``.</doc>
<msg timestamp="20240117 19:55:19.291" level="INFO">Clicking element 'xpath=//input[@class='submit-button btn_action' and @data-test='login-button' and @id='login-button' and @name='login-button' and @value='Login']'.</msg>
<status status="PASS" starttime="20240117 19:55:19.291" endtime="20240117 19:55:19.334"/>
</kw>
<kw name="Location Should Be" library="SeleniumLibrary">
<arg>validlink1</arg>
<doc>Verifies that the current URL is exactly ``url``.</doc>
<msg timestamp="20240117 19:55:19.468" level="INFO" html="true">&lt;/td&gt;&lt;/tr&gt;&lt;tr&gt;&lt;td colspan="3"&gt;&lt;a href="selenium-screenshot-126.png"&gt;&lt;img src="selenium-screenshot-126.png" width="800px"&gt;&lt;/a&gt;</msg>
<msg timestamp="20240117 19:55:19.468" level="FAIL">Location should have been 'validlink1' but was 'https://www.saucedemo.com/'.</msg>
<status status="FAIL" starttime="20240117 19:55:19.334" endtime="20240117 19:55:19.469"/>
</kw>
<status status="FAIL" starttime="20240117 19:55:17.294" endtime="20240117 19:55:19.469">Location should have been 'validlink1' but was 'https://www.saucedemo.com/'.</status>
</test>
<status status="FAIL" starttime="20240117 19:55:17.119" endtime="20240117 19:55:19.470"/>
</suite>
<statistics>
<total>
<stat pass="0" fail="1" skip="0">All Tests</stat>
</total>
<tag>
</tag>
<suite>
<stat pass="0" fail="1" skip="0" id="s1" name="Final Test">Final Test</stat>
</suite>
</statistics>
<errors>
<msg timestamp="20240117 19:55:17.550" level="WARN">The chromedriver version (119.0.6045.105) detected in PATH at C:\Users\quyenhoang\Downloads\driver\chromedriver.exe might not be compatible with the detected chrome version (120.0.6099.224); currently, chromedriver 120.0.6099.109 is recommended for chrome 120.*, so it is advised to delete the driver in PATH and retry</msg>
</errors>
</robot>
