<?xml version="1.0" encoding="UTF-8"?>
<robot generator="Robot 6.1.1 (Python 3.10.10 on win32)" generated="20240109 17:06:09.605" rpa="false" schemaversion="4">
<suite id="s1" name="Final Test" source="C:\Users\quyenhoang\IdeaProjects\SpringbootUITestingForm\src\main\resources\robot_test_file\final_test.robot">
<test id="s1-t1" name="Test login 1" line="10">
<kw name="Open Browser" library="SeleniumLibrary">
<arg>https://www.saucedemo.com/</arg>
<arg>Chrome</arg>
<doc>Opens a new browser instance to the optional ``url``.</doc>
<msg timestamp="20240109 17:06:10.107" level="INFO">Opening browser 'Chrome' to base url 'https://www.saucedemo.com/'.</msg>
<msg timestamp="20240109 17:06:11.746" level="WARN">The chromedriver version (119.0.6045.105) detected in PATH at C:\Users\quyenhoang\Downloads\driver\chromedriver.exe might not be compatible with the detected chrome version (120.0.6099.200); currently, chromedriver 120.0.6099.109 is recommended for chrome 120.*, so it is advised to delete the driver in PATH and retry</msg>
<status status="PASS" starttime="20240109 17:06:10.101" endtime="20240109 17:06:13.526"/>
</kw>
<kw name="Maximize Browser Window" library="SeleniumLibrary">
<doc>Maximizes current browser window.</doc>
<status status="PASS" starttime="20240109 17:06:13.526" endtime="20240109 17:06:13.666"/>
</kw>
<kw name="Input Text" library="SeleniumLibrary">
<arg>${password}</arg>
<arg>AFSKJK</arg>
<doc>Types the given ``text`` into the text field identified by ``locator``.</doc>
<msg timestamp="20240109 17:06:13.666" level="INFO">Typing text 'AFSKJK' into text field 'xpath=//input[@placeholder='Password' and @type='password' and @data-test='password' and @id='password' and @name='password']'.</msg>
<status status="PASS" starttime="20240109 17:06:13.666" endtime="20240109 17:06:13.861"/>
</kw>
<kw name="Input Text" library="SeleniumLibrary">
<arg>${username}</arg>
<arg>IOIAOF</arg>
<doc>Types the given ``text`` into the text field identified by ``locator``.</doc>
<msg timestamp="20240109 17:06:13.861" level="INFO">Typing text 'IOIAOF' into text field 'xpath=//input[@placeholder='Username' and @data-test='username' and @id='user-name' and @name='user-name']'.</msg>
<status status="PASS" starttime="20240109 17:06:13.861" endtime="20240109 17:06:13.994"/>
</kw>
<kw name="Click Element" library="SeleniumLibrary">
<arg>${login_button}</arg>
<doc>Click the element identified by ``locator``.</doc>
<msg timestamp="20240109 17:06:13.994" level="INFO">Clicking element 'xpath=//input[@class='submit-button btn_action' and @data-test='login-button' and @id='login-button' and @name='login-button' and @value='Login']'.</msg>
<status status="PASS" starttime="20240109 17:06:13.994" endtime="20240109 17:06:14.094"/>
</kw>
<status status="PASS" starttime="20240109 17:06:10.101" endtime="20240109 17:06:14.097"/>
</test>
<test id="s1-t2" name="Test-login-1" line="16">
<kw name="Open Browser" library="SeleniumLibrary">
<arg>https://www.saucedemo.com/</arg>
<arg>Edge</arg>
<doc>Opens a new browser instance to the optional ``url``.</doc>
<msg timestamp="20240109 17:06:14.110" level="INFO">Opening browser 'Edge' to base url 'https://www.saucedemo.com/'.</msg>
<msg timestamp="20240109 17:06:15.070" level="WARN">The msedgedriver version (119.0.2151.97) detected in PATH at C:\Users\quyenhoang\Downloads\driver\msedgedriver.exe might not be compatible with the detected MicrosoftEdge version (120.0.2210.121); currently, msedgedriver 120.0.2210.121 is recommended for MicrosoftEdge 120.*, so it is advised to delete the driver in PATH and retry</msg>
<status status="PASS" starttime="20240109 17:06:14.110" endtime="20240109 17:06:16.953"/>
</kw>
<kw name="Input Text" library="SeleniumLibrary">
<arg>xpath=//input[@placeholder='Username' and @data-test='username' and @id='user-name' and @name='user-name']</arg>
<arg>NOTu1</arg>
<doc>Types the given ``text`` into the text field identified by ``locator``.</doc>
<msg timestamp="20240109 17:06:16.955" level="INFO">Typing text 'NOTu1' into text field 'xpath=//input[@placeholder='Username' and @data-test='username' and @id='user-name' and @name='user-name']'.</msg>
<status status="PASS" starttime="20240109 17:06:16.954" endtime="20240109 17:06:17.115"/>
</kw>
<kw name="Input Text" library="SeleniumLibrary">
<arg>xpath=//input[@placeholder='Password' and @type='password' and @data-test='password' and @id='password' and @name='password']</arg>
<arg>NOTjflL</arg>
<doc>Types the given ``text`` into the text field identified by ``locator``.</doc>
<msg timestamp="20240109 17:06:17.116" level="INFO">Typing text 'NOTjflL' into text field 'xpath=//input[@placeholder='Password' and @type='password' and @data-test='password' and @id='password' and @name='password']'.</msg>
<status status="PASS" starttime="20240109 17:06:17.116" endtime="20240109 17:06:17.263"/>
</kw>
<kw name="Click Element" library="SeleniumLibrary">
<arg>NOTxpath=//input[@class='submit-button btn_action' and @data-test='login-button' and @id='login-button' and @name='login-button' and @value='Login']</arg>
<doc>Click the element identified by ``locator``.</doc>
<msg timestamp="20240109 17:06:17.265" level="INFO">Clicking element 'NOTxpath=//input[@class='submit-button btn_action' and @data-test='login-button' and @id='login-button' and @name='login-button' and @value='Login']'.</msg>
<msg timestamp="20240109 17:06:17.508" level="INFO" html="true">&lt;/td&gt;&lt;/tr&gt;&lt;tr&gt;&lt;td colspan="3"&gt;&lt;a href="selenium-screenshot-2.png"&gt;&lt;img src="selenium-screenshot-2.png" width="800px"&gt;&lt;/a&gt;</msg>
<msg timestamp="20240109 17:06:17.508" level="FAIL">Element with locator 'NOTxpath=//input[@class='submit-button btn_action' and @data-test='login-button' and @id='login-button' and @name='login-button' and @value='Login']' not found.</msg>
<status status="FAIL" starttime="20240109 17:06:17.264" endtime="20240109 17:06:17.575"/>
</kw>
<status status="FAIL" starttime="20240109 17:06:14.106" endtime="20240109 17:06:17.576">Element with locator 'NOTxpath=//input[@class='submit-button btn_action' and @data-test='login-button' and @id='login-button' and @name='login-button' and @value='Login']' not found.</status>
</test>
<status status="FAIL" starttime="20240109 17:06:09.605" endtime="20240109 17:06:17.579"/>
</suite>
<statistics>
<total>
<stat pass="1" fail="1" skip="0">All Tests</stat>
</total>
<tag>
</tag>
<suite>
<stat pass="1" fail="1" skip="0" id="s1" name="Final Test">Final Test</stat>
</suite>
</statistics>
<errors>
<msg timestamp="20240109 17:06:11.746" level="WARN">The chromedriver version (119.0.6045.105) detected in PATH at C:\Users\quyenhoang\Downloads\driver\chromedriver.exe might not be compatible with the detected chrome version (120.0.6099.200); currently, chromedriver 120.0.6099.109 is recommended for chrome 120.*, so it is advised to delete the driver in PATH and retry</msg>
<msg timestamp="20240109 17:06:15.070" level="WARN">The msedgedriver version (119.0.2151.97) detected in PATH at C:\Users\quyenhoang\Downloads\driver\msedgedriver.exe might not be compatible with the detected MicrosoftEdge version (120.0.2210.121); currently, msedgedriver 120.0.2210.121 is recommended for MicrosoftEdge 120.*, so it is advised to delete the driver in PATH and retry</msg>
</errors>
</robot>
